******* 02/15/2024 09: 42: 28 PM - INFO - Element ('id', 'dataInput') is <selenium.webdriver.remote.webelement.WebElement (session="25711902d3d13c7c3559369c43a4a021", element="A1F2B435B8557FFD2AD640B78E33C7D2_element_3")> *******
******* 02/15/2024 09: 42: 28 PM - INFO - Element ('id', 'validationSquare') is <selenium.webdriver.remote.webelement.WebElement (session="25711902d3d13c7c3559369c43a4a021", element="A1F2B435B8557FFD2AD640B78E33C7D2_element_8")> *******
******* 02/15/2024 09: 42: 38 PM - INFO - Element ('id', 'dataInput') is <selenium.webdriver.remote.webelement.WebElement (session="2ba662498c36359efb73d4b3ad921503", element="E545DB71963C94D6C6C904C08868430C_element_3")> *******
******* 02/15/2024 09: 42: 38 PM - INFO - Element ('id', 'validationSquare') is <selenium.webdriver.remote.webelement.WebElement (session="2ba662498c36359efb73d4b3ad921503", element="E545DB71963C94D6C6C904C08868430C_element_8")> *******
******* 02/15/2024 09: 42: 48 PM - INFO - Element ('id', 'dataInput') is <selenium.webdriver.remote.webelement.WebElement (session="a7321d790aa26efad2922052c4e23034", element="C3E34BED722E8A22A402913F242D719C_element_3")> *******
******* 02/15/2024 09: 42: 48 PM - INFO - Element ('id', 'validationSquare') is <selenium.webdriver.remote.webelement.WebElement (session="a7321d790aa26efad2922052c4e23034", element="C3E34BED722E8A22A402913F242D719C_element_8")> *******
******* 02/15/2024 09: 42: 59 PM - INFO - Element ('id', 'dataInput') is <selenium.webdriver.remote.webelement.WebElement (session="14d097c5a3aca13574180e1ed132b5fa", element="3042FF114B146D118788AAF38788FFB0_element_3")> *******
******* 02/15/2024 09: 42: 59 PM - INFO - Element ('id', 'validationSquare') is <selenium.webdriver.remote.webelement.WebElement (session="14d097c5a3aca13574180e1ed132b5fa", element="3042FF114B146D118788AAF38788FFB0_element_8")> *******
******* 02/15/2024 09: 43: 14 PM - ERROR - Element ('id', '#counter') is invisible *******
******* 02/15/2024 09: 43: 20 PM - INFO - Element ('id', 'item-1') is <selenium.webdriver.remote.webelement.WebElement (session="9c0cab473dff8c1139c0b55bb8ddd247", element="EFC641AD96FB74C285F1CFDF9418C283_element_11")> *******
******* 02/15/2024 09: 43: 21 PM - INFO - Element ('id', 'item-1') is <selenium.webdriver.remote.webelement.WebElement (session="9c0cab473dff8c1139c0b55bb8ddd247", element="EFC641AD96FB74C285F1CFDF9418C283_element_11")> *******
******* 02/15/2024 09: 43: 21 PM - INFO - Element ('id', 'item-1') is <selenium.webdriver.remote.webelement.WebElement (session="9c0cab473dff8c1139c0b55bb8ddd247", element="EFC641AD96FB74C285F1CFDF9418C283_element_11")> *******
******* 02/15/2024 09: 43: 22 PM - INFO - Element ('id', 'item-1') is <selenium.webdriver.remote.webelement.WebElement (session="9c0cab473dff8c1139c0b55bb8ddd247", element="EFC641AD96FB74C285F1CFDF9418C283_element_11")> *******
******* 02/15/2024 09: 43: 22 PM - INFO - Element ('id', 'item-6') is <selenium.webdriver.remote.webelement.WebElement (session="9c0cab473dff8c1139c0b55bb8ddd247", element="EFC641AD96FB74C285F1CFDF9418C283_element_16")> *******
******* 02/15/2024 09: 43: 23 PM - INFO - Element ('class name', 'done') is <selenium.webdriver.remote.webelement.WebElement (session="9c0cab473dff8c1139c0b55bb8ddd247", element="EFC641AD96FB74C285F1CFDF9418C283_element_17")> *******
******* 02/15/2024 09: 43: 33 PM - INFO - Element ('class name', 'dropdown') is <selenium.webdriver.remote.webelement.WebElement (session="02cacc249d856f6c4084f622c5b10872", element="E9AC86330330C810E88AF3491F62F834_element_4")> *******
******* 02/15/2024 09: 43: 33 PM - INFO - Element ('xpath', '/html/body/div[2]/div/div[2]/ul/li[2]/a') is <selenium.webdriver.remote.webelement.WebElement (session="02cacc249d856f6c4084f622c5b10872", element="E9AC86330330C810E88AF3491F62F834_element_11")> *******
******* 02/15/2024 09: 43: 43 PM - INFO - Element ('class name', 'dropdown') is <selenium.webdriver.remote.webelement.WebElement (session="1404e4fb7dba0f3be22a60ea347c8738", element="2EE029CFF548CFCCBE7283306DA431D7_element_4")> *******
******* 02/15/2024 09: 43: 44 PM - INFO - Element ('xpath', '/html/body/div[2]/div/div[2]/ul/li[2]/a') is <selenium.webdriver.remote.webelement.WebElement (session="1404e4fb7dba0f3be22a60ea347c8738", element="2EE029CFF548CFCCBE7283306DA431D7_element_11")> *******
******* 02/15/2024 09: 43: 54 PM - INFO - Element ('id', 'username') is <selenium.webdriver.remote.webelement.WebElement (session="fb5b39e7e792114175bbe3f40e6a8ecd", element="9D3CC54716CD30F78D5FFD26D6A55615_element_3")> *******
******* 02/15/2024 09: 43: 54 PM - INFO - Element ('id', 'password') is <selenium.webdriver.remote.webelement.WebElement (session="fb5b39e7e792114175bbe3f40e6a8ecd", element="9D3CC54716CD30F78D5FFD26D6A55615_element_4")> *******
******* 02/15/2024 09: 44: 04 PM - INFO - Element ('id', 'username') is <selenium.webdriver.remote.webelement.WebElement (session="17ad9198bbb1fe07f840584b2e72237e", element="675FA51E16706466E279D8963A15515E_element_3")> *******
******* 02/15/2024 09: 44: 05 PM - INFO - Element ('id', 'password') is <selenium.webdriver.remote.webelement.WebElement (session="17ad9198bbb1fe07f840584b2e72237e", element="675FA51E16706466E279D8963A15515E_element_4")> *******
******* 02/15/2024 09: 44: 05 PM - INFO - Element ('class name', 'error-message') is <selenium.webdriver.remote.webelement.WebElement (session="17ad9198bbb1fe07f840584b2e72237e", element="675FA51E16706466E279D8963A15515E_element_25")> *******
******* 02/15/2024 09: 44: 15 PM - INFO - Element ('id', 'username') is <selenium.webdriver.remote.webelement.WebElement (session="7d3fdd43365a9956d6c6962488042774", element="A480BDEB99CB15C59759459967D0A3ED_element_3")> *******
******* 02/15/2024 09: 44: 15 PM - INFO - Element ('id', 'password') is <selenium.webdriver.remote.webelement.WebElement (session="7d3fdd43365a9956d6c6962488042774", element="A480BDEB99CB15C59759459967D0A3ED_element_4")> *******
******* 02/15/2024 09: 44: 15 PM - INFO - Element ('class name', 'error-message') is <selenium.webdriver.remote.webelement.WebElement (session="7d3fdd43365a9956d6c6962488042774", element="A480BDEB99CB15C59759459967D0A3ED_element_25")> *******
******* 02/15/2024 09: 44: 25 PM - INFO - Element ('id', 'username') is <selenium.webdriver.remote.webelement.WebElement (session="41adc4f009467bf2d67c2727a5b8b981", element="CB0AAD483955DD6B20A72CFA58E360A1_element_3")> *******
******* 02/15/2024 09: 44: 25 PM - INFO - Element ('id', 'password') is <selenium.webdriver.remote.webelement.WebElement (session="41adc4f009467bf2d67c2727a5b8b981", element="CB0AAD483955DD6B20A72CFA58E360A1_element_4")> *******
******* 02/15/2024 09: 44: 25 PM - INFO - Element ('class name', 'error-message') is <selenium.webdriver.remote.webelement.WebElement (session="41adc4f009467bf2d67c2727a5b8b981", element="CB0AAD483955DD6B20A72CFA58E360A1_element_25")> *******
******* 02/15/2024 09: 44: 35 PM - INFO - Element ('id', 'inputText') is <selenium.webdriver.remote.webelement.WebElement (session="90e9fac35d4c592bfb7b89c29fff7160", element="140BE20180CD5D9F1E4DFE8968876E94_element_3")> *******
******* 02/15/2024 09: 44: 36 PM - INFO - Element ('css selector', '#items > div') is <selenium.webdriver.remote.webelement.WebElement (session="90e9fac35d4c592bfb7b89c29fff7160", element="140BE20180CD5D9F1E4DFE8968876E94_element_15")> *******
******* 02/15/2024 09: 44: 45 PM - INFO - Element ('id', 'inputText') is <selenium.webdriver.remote.webelement.WebElement (session="df06de7d2dfcd01f7e9e90461e0aa2ab", element="B6F3D6AA23D0E539757853CE7F724197_element_3")> *******
******* 02/15/2024 09: 44: 46 PM - INFO - Element ('css selector', '#items > div') is True *******
******* 02/16/2024 08: 08: 37 PM - INFO - Element ('id', 'dataInput') is <selenium.webdriver.remote.webelement.WebElement (session="45c3542872dc9694c4e00cf2d15b4200", element="FBC7E82B7D7739F3E7712E3BD40965E4_element_3")> *******
******* 02/16/2024 08: 08: 37 PM - INFO - Element ('id', 'validationSquare') is <selenium.webdriver.remote.webelement.WebElement (session="45c3542872dc9694c4e00cf2d15b4200", element="FBC7E82B7D7739F3E7712E3BD40965E4_element_8")> *******
******* 02/16/2024 08: 08: 37 PM - INFO - Text from element ('id', 'validationSquare') is Valid *******
******* 02/16/2024 08: 08: 49 PM - INFO - Element ('id', 'dataInput') is <selenium.webdriver.remote.webelement.WebElement (session="2d6ce00056b853a42bbaf031f41e55cd", element="1A93ED13C19BE18A1E2E104A9C64D884_element_3")> *******
******* 02/16/2024 08: 08: 49 PM - INFO - Element ('id', 'validationSquare') is <selenium.webdriver.remote.webelement.WebElement (session="2d6ce00056b853a42bbaf031f41e55cd", element="1A93ED13C19BE18A1E2E104A9C64D884_element_8")> *******
******* 02/16/2024 08: 08: 49 PM - INFO - Text from element ('id', 'validationSquare') is Not in range *******
******* 02/16/2024 08: 09: 01 PM - INFO - Element ('id', 'dataInput') is <selenium.webdriver.remote.webelement.WebElement (session="86ff520828366430452fa2b4b5b36b57", element="10F280E9E25ABB980AA7171989061B4A_element_3")> *******
******* 02/16/2024 08: 09: 01 PM - INFO - Element ('id', 'validationSquare') is <selenium.webdriver.remote.webelement.WebElement (session="86ff520828366430452fa2b4b5b36b57", element="10F280E9E25ABB980AA7171989061B4A_element_6")> *******
******* 02/16/2024 08: 09: 01 PM - INFO - Text from element ('id', 'validationSquare') is Not in range *******
******* 02/16/2024 08: 09: 13 PM - INFO - Element ('id', 'dataInput') is <selenium.webdriver.remote.webelement.WebElement (session="d9c136fecefdf2a7df2066662bc2a02b", element="E41848EB4214290AD47C0CF002EC8527_element_3")> *******
******* 02/16/2024 08: 09: 13 PM - INFO - Element ('id', 'validationSquare') is <selenium.webdriver.remote.webelement.WebElement (session="d9c136fecefdf2a7df2066662bc2a02b", element="E41848EB4214290AD47C0CF002EC8527_element_8")> *******
******* 02/16/2024 08: 09: 13 PM - INFO - Text from element ('id', 'validationSquare') is Negative integer *******
******* 02/16/2024 08: 09: 24 PM - INFO - Element ('xpath', '/html/body/div[2]/ul/li[15]/input') is <selenium.webdriver.remote.webelement.WebElement (session="ca11a3f822aa050a48a7b1a309f3d0be", element="BE190D3AABDFA5F226DA8562C79D9A1A_element_17")> *******
******* 02/16/2024 08: 09: 25 PM - INFO - Scroll to element ('xpath', '/html/body/div[2]/ul/li[15]/input') was performed *******
******* 02/16/2024 08: 09: 25 PM - INFO - Element('xpath', '/html/body/div[2]/ul/li[15]/input') is clickable *******
******* 02/16/2024 08: 09: 30 PM - ERROR - Element ('id', '#counter') is invisible *******
******* 02/16/2024 08: 09: 38 PM - INFO - Element('id', 'item-3') is clickable *******
******* 02/16/2024 08: 09: 38 PM - INFO - Element ('id', 'item-1') is <selenium.webdriver.remote.webelement.WebElement (session="ffb38d165a63ccd3d4cf742dc6243ace", element="D6BF555ED50B7D4B3BBD738363472D38_element_11")> *******
******* 02/16/2024 08: 09: 38 PM - ERROR - Element ('id', 'item-3') dragged, and dropped to ('id', 'item-1') *******
******* 02/16/2024 08: 09: 38 PM - INFO - Element('id', 'item-2') is clickable *******
******* 02/16/2024 08: 09: 38 PM - INFO - Element ('id', 'item-1') is <selenium.webdriver.remote.webelement.WebElement (session="ffb38d165a63ccd3d4cf742dc6243ace", element="D6BF555ED50B7D4B3BBD738363472D38_element_11")> *******
******* 02/16/2024 08: 09: 39 PM - ERROR - Element ('id', 'item-2') dragged, and dropped to ('id', 'item-1') *******
******* 02/16/2024 08: 09: 39 PM - INFO - Element('id', 'item-7') is clickable *******
******* 02/16/2024 08: 09: 39 PM - INFO - Element ('id', 'item-1') is <selenium.webdriver.remote.webelement.WebElement (session="ffb38d165a63ccd3d4cf742dc6243ace", element="D6BF555ED50B7D4B3BBD738363472D38_element_11")> *******
******* 02/16/2024 08: 09: 40 PM - ERROR - Element ('id', 'item-7') dragged, and dropped to ('id', 'item-1') *******
******* 02/16/2024 08: 09: 40 PM - INFO - Element('id', 'item-4') is clickable *******
******* 02/16/2024 08: 09: 40 PM - INFO - Element ('id', 'item-1') is <selenium.webdriver.remote.webelement.WebElement (session="ffb38d165a63ccd3d4cf742dc6243ace", element="D6BF555ED50B7D4B3BBD738363472D38_element_11")> *******
******* 02/16/2024 08: 09: 40 PM - ERROR - Element ('id', 'item-4') dragged, and dropped to ('id', 'item-1') *******
******* 02/16/2024 08: 09: 40 PM - INFO - Element('id', 'item-5') is clickable *******
******* 02/16/2024 08: 09: 40 PM - INFO - Element ('id', 'item-6') is <selenium.webdriver.remote.webelement.WebElement (session="ffb38d165a63ccd3d4cf742dc6243ace", element="D6BF555ED50B7D4B3BBD738363472D38_element_16")> *******
******* 02/16/2024 08: 09: 41 PM - ERROR - Element ('id', 'item-5') dragged, and dropped to ('id', 'item-6') *******
******* 02/16/2024 08: 09: 41 PM - INFO - Element ('class name', 'done') is <selenium.webdriver.remote.webelement.WebElement (session="ffb38d165a63ccd3d4cf742dc6243ace", element="D6BF555ED50B7D4B3BBD738363472D38_element_17")> *******
******* 02/16/2024 08: 09: 53 PM - INFO - Element ('class name', 'dropdown') is <selenium.webdriver.remote.webelement.WebElement (session="277eb7299e3d636f15c2b58c4afcddad", element="16676612815B7C794C1E3C446F20F99A_element_7")> *******
******* 02/16/2024 08: 09: 53 PM - INFO - Cursor hovered over element <selenium.webdriver.remote.webelement.WebElement (session="277eb7299e3d636f15c2b58c4afcddad", element="16676612815B7C794C1E3C446F20F99A_element_7")> *******
******* 02/16/2024 08: 09: 53 PM - INFO - Element ('xpath', '/html/body/div[2]/div/div[2]/ul/li[2]/a') is <selenium.webdriver.remote.webelement.WebElement (session="277eb7299e3d636f15c2b58c4afcddad", element="16676612815B7C794C1E3C446F20F99A_element_11")> *******
******* 02/16/2024 08: 10: 05 PM - INFO - Element ('class name', 'dropdown') is <selenium.webdriver.remote.webelement.WebElement (session="dd0fd6e68d4a5d0a2cdaedfa1fa35201", element="9C141261F6E7C884AB95EC8807464296_element_4")> *******
******* 02/16/2024 08: 10: 05 PM - INFO - Cursor hovered over element <selenium.webdriver.remote.webelement.WebElement (session="dd0fd6e68d4a5d0a2cdaedfa1fa35201", element="9C141261F6E7C884AB95EC8807464296_element_4")> *******
******* 02/16/2024 08: 10: 05 PM - INFO - Element ('xpath', '/html/body/div[2]/div/div[2]/ul/li[2]/a') is <selenium.webdriver.remote.webelement.WebElement (session="dd0fd6e68d4a5d0a2cdaedfa1fa35201", element="9C141261F6E7C884AB95EC8807464296_element_11")> *******
******* 02/16/2024 08: 10: 05 PM - INFO - Element('xpath', '/html/body/div[2]/div/div[2]/ul/li[2]/a') is clickable *******
******* 02/16/2024 08: 10: 06 PM - INFO - Current url is https://toghrulmirzayev.github.io/ui-simulator/input-and-click.html *******
******* 02/16/2024 08: 10: 18 PM - INFO - Element ('id', 'username') is <selenium.webdriver.remote.webelement.WebElement (session="18a9c81d2d78780497e0e6c5422411a5", element="7560FC003414B7BB10ECB8C82059821D_element_3")> *******
******* 02/16/2024 08: 10: 18 PM - INFO - Element ('id', 'password') is <selenium.webdriver.remote.webelement.WebElement (session="18a9c81d2d78780497e0e6c5422411a5", element="7560FC003414B7BB10ECB8C82059821D_element_4")> *******
******* 02/16/2024 08: 10: 18 PM - INFO - Element('class name', 'login-button') is clickable *******
******* 02/16/2024 08: 10: 19 PM - INFO - Current url is https://toghrulmirzayev.github.io/ui-simulator/hover_and_select.html *******
******* 02/16/2024 08: 10: 30 PM - INFO - Element ('id', 'username') is <selenium.webdriver.remote.webelement.WebElement (session="3fd756e6e1a96ff9a7fd0955b22d0af2", element="C41D0860BBB822E4558B33F4A1560526_element_3")> *******
******* 02/16/2024 08: 10: 30 PM - INFO - Element ('id', 'password') is <selenium.webdriver.remote.webelement.WebElement (session="3fd756e6e1a96ff9a7fd0955b22d0af2", element="C41D0860BBB822E4558B33F4A1560526_element_4")> *******
******* 02/16/2024 08: 10: 30 PM - INFO - Element('class name', 'login-button') is clickable *******
******* 02/16/2024 08: 10: 31 PM - INFO - Element ('class name', 'error-message') is <selenium.webdriver.remote.webelement.WebElement (session="3fd756e6e1a96ff9a7fd0955b22d0af2", element="C41D0860BBB822E4558B33F4A1560526_element_25")> *******
******* 02/16/2024 08: 10: 31 PM - INFO - Text from element ('class name', 'error-message') is Password or username is incorrect *******
******* 02/16/2024 08: 10: 42 PM - INFO - Element ('id', 'username') is <selenium.webdriver.remote.webelement.WebElement (session="87df44f6c4728ba45c0eb54a1abbee29", element="3769800955544CA11F58C6C1EEC0604F_element_3")> *******
******* 02/16/2024 08: 10: 42 PM - INFO - Element ('id', 'password') is <selenium.webdriver.remote.webelement.WebElement (session="87df44f6c4728ba45c0eb54a1abbee29", element="3769800955544CA11F58C6C1EEC0604F_element_4")> *******
******* 02/16/2024 08: 10: 42 PM - INFO - Element('class name', 'login-button') is clickable *******
******* 02/16/2024 08: 10: 43 PM - INFO - Element ('class name', 'error-message') is <selenium.webdriver.remote.webelement.WebElement (session="87df44f6c4728ba45c0eb54a1abbee29", element="3769800955544CA11F58C6C1EEC0604F_element_25")> *******
******* 02/16/2024 08: 10: 43 PM - INFO - Text from element ('class name', 'error-message') is Password or username is incorrect *******
******* 02/16/2024 08: 10: 54 PM - INFO - Element ('id', 'username') is <selenium.webdriver.remote.webelement.WebElement (session="f061d14be680fd34b44b2334f819c13e", element="1385BBAF28711F0D6296E35364B147D9_element_3")> *******
******* 02/16/2024 08: 10: 54 PM - INFO - Element ('id', 'password') is <selenium.webdriver.remote.webelement.WebElement (session="f061d14be680fd34b44b2334f819c13e", element="1385BBAF28711F0D6296E35364B147D9_element_4")> *******
******* 02/16/2024 08: 10: 55 PM - INFO - Element('class name', 'login-button') is clickable *******
******* 02/16/2024 08: 10: 55 PM - INFO - Element ('class name', 'error-message') is <selenium.webdriver.remote.webelement.WebElement (session="f061d14be680fd34b44b2334f819c13e", element="1385BBAF28711F0D6296E35364B147D9_element_25")> *******
******* 02/16/2024 08: 10: 55 PM - INFO - Text from element ('class name', 'error-message') is Password or username is incorrect *******
******* 02/16/2024 08: 11: 06 PM - INFO - Element ('id', 'inputText') is <selenium.webdriver.remote.webelement.WebElement (session="385df15a1f9a97cc7ee23022a2a626d7", element="4794B4DF67A06E7328FA59B530716D61_element_3")> *******
******* 02/16/2024 08: 11: 06 PM - INFO - Element('id', 'addBtn') is clickable *******
******* 02/16/2024 08: 11: 07 PM - INFO - Element ('css selector', '#items > div') is <selenium.webdriver.remote.webelement.WebElement (session="385df15a1f9a97cc7ee23022a2a626d7", element="4794B4DF67A06E7328FA59B530716D61_element_15")> *******
******* 02/16/2024 08: 11: 07 PM - INFO - Text from element ('css selector', '#items > div') is test example *******
******* 02/16/2024 08: 11: 22 PM - INFO - Element ('id', 'inputText') is <selenium.webdriver.remote.webelement.WebElement (session="b1b16ec3bda4126aa80e708856372520", element="87C956167A77DC5F405F7BCDCE22C95D_element_3")> *******
******* 02/16/2024 08: 11: 22 PM - INFO - Element('id', 'addBtn') is clickable *******
******* 02/16/2024 08: 11: 23 PM - INFO - Element('id', 'deleteBtn') is clickable *******
******* 02/16/2024 08: 11: 23 PM - INFO - Element ('css selector', '#items > div') is True *******
******* 02/17/2024 05: 13: 18 PM - INFO - Element ('id', 'dataInput') is <selenium.webdriver.remote.webelement.WebElement (session="cd0c93616da32fab093bf4ccfe6d3884", element="58F79DE02EF072DD05A9ECD59AC7A479_element_3")> *******
******* 02/17/2024 05: 13: 18 PM - INFO - Element ('id', 'validationSquare') is <selenium.webdriver.remote.webelement.WebElement (session="cd0c93616da32fab093bf4ccfe6d3884", element="58F79DE02EF072DD05A9ECD59AC7A479_element_6")> *******
******* 02/17/2024 05: 13: 18 PM - INFO - Text from element ('id', 'validationSquare') is Valid *******
******* 02/17/2024 05: 13: 30 PM - INFO - Element ('id', 'dataInput') is <selenium.webdriver.remote.webelement.WebElement (session="4ad7da266400f0f678b9cad58a6c4b2b", element="49B5BB3D31B9CC708A96B957B4D74929_element_3")> *******
******* 02/17/2024 05: 13: 30 PM - INFO - Element ('id', 'validationSquare') is <selenium.webdriver.remote.webelement.WebElement (session="4ad7da266400f0f678b9cad58a6c4b2b", element="49B5BB3D31B9CC708A96B957B4D74929_element_10")> *******
******* 02/17/2024 05: 13: 30 PM - INFO - Text from element ('id', 'validationSquare') is Not in range *******
******* 02/17/2024 05: 13: 42 PM - INFO - Element ('id', 'dataInput') is <selenium.webdriver.remote.webelement.WebElement (session="97ea84647cdc1bafe1ea5925ac9233c8", element="D338545FEAF204FEE070B3E1B125C154_element_3")> *******
******* 02/17/2024 05: 13: 42 PM - INFO - Element ('id', 'validationSquare') is <selenium.webdriver.remote.webelement.WebElement (session="97ea84647cdc1bafe1ea5925ac9233c8", element="D338545FEAF204FEE070B3E1B125C154_element_8")> *******
******* 02/17/2024 05: 13: 42 PM - INFO - Text from element ('id', 'validationSquare') is Not in range *******
******* 02/17/2024 05: 13: 54 PM - INFO - Element ('id', 'dataInput') is <selenium.webdriver.remote.webelement.WebElement (session="0e67756dde98a64309a2ea75b4a1bf3b", element="9E309EB70D282DF0A8D49CC4D18869E6_element_3")> *******
******* 02/17/2024 05: 13: 54 PM - INFO - Element ('id', 'validationSquare') is <selenium.webdriver.remote.webelement.WebElement (session="0e67756dde98a64309a2ea75b4a1bf3b", element="9E309EB70D282DF0A8D49CC4D18869E6_element_6")> *******
******* 02/17/2024 05: 13: 54 PM - INFO - Text from element ('id', 'validationSquare') is Negative integer *******
******* 02/17/2024 05: 14: 06 PM - INFO - Element ('xpath', '/html/body/div[2]/ul/li[15]/input') is <selenium.webdriver.remote.webelement.WebElement (session="19fb4d21d5db02b7f498a895f7a5345f", element="3AC4BEDAEC82EB0BA603F6E956032872_element_17")> *******
******* 02/17/2024 05: 14: 06 PM - INFO - Scroll to element ('xpath', '/html/body/div[2]/ul/li[15]/input') was performed *******
******* 02/17/2024 05: 14: 06 PM - INFO - Element('xpath', '/html/body/div[2]/ul/li[15]/input') is clickable *******
******* 02/17/2024 05: 14: 11 PM - ERROR - Element ('id', '#counter') is invisible *******
******* 02/17/2024 05: 14: 19 PM - INFO - Element('id', 'item-3') is clickable *******
******* 02/17/2024 05: 14: 19 PM - INFO - Element ('id', 'item-1') is <selenium.webdriver.remote.webelement.WebElement (session="c7fffaf27eb34f9ce3acbbe9a49cd4f0", element="DF2E6268ED6B7BC5A8EE197F3B4752C6_element_11")> *******
******* 02/17/2024 05: 14: 20 PM - ERROR - Element ('id', 'item-3') dragged, and dropped to ('id', 'item-1') *******
******* 02/17/2024 05: 14: 20 PM - INFO - Element('id', 'item-2') is clickable *******
******* 02/17/2024 05: 14: 20 PM - INFO - Element ('id', 'item-1') is <selenium.webdriver.remote.webelement.WebElement (session="c7fffaf27eb34f9ce3acbbe9a49cd4f0", element="DF2E6268ED6B7BC5A8EE197F3B4752C6_element_11")> *******
******* 02/17/2024 05: 14: 21 PM - ERROR - Element ('id', 'item-2') dragged, and dropped to ('id', 'item-1') *******
******* 02/17/2024 05: 14: 21 PM - INFO - Element('id', 'item-7') is clickable *******
******* 02/17/2024 05: 14: 21 PM - INFO - Element ('id', 'item-1') is <selenium.webdriver.remote.webelement.WebElement (session="c7fffaf27eb34f9ce3acbbe9a49cd4f0", element="DF2E6268ED6B7BC5A8EE197F3B4752C6_element_11")> *******
******* 02/17/2024 05: 14: 21 PM - ERROR - Element ('id', 'item-7') dragged, and dropped to ('id', 'item-1') *******
******* 02/17/2024 05: 14: 21 PM - INFO - Element('id', 'item-4') is clickable *******
******* 02/17/2024 05: 14: 21 PM - INFO - Element ('id', 'item-1') is <selenium.webdriver.remote.webelement.WebElement (session="c7fffaf27eb34f9ce3acbbe9a49cd4f0", element="DF2E6268ED6B7BC5A8EE197F3B4752C6_element_11")> *******
******* 02/17/2024 05: 14: 22 PM - ERROR - Element ('id', 'item-4') dragged, and dropped to ('id', 'item-1') *******
******* 02/17/2024 05: 14: 22 PM - INFO - Element('id', 'item-5') is clickable *******
******* 02/17/2024 05: 14: 22 PM - INFO - Element ('id', 'item-6') is <selenium.webdriver.remote.webelement.WebElement (session="c7fffaf27eb34f9ce3acbbe9a49cd4f0", element="DF2E6268ED6B7BC5A8EE197F3B4752C6_element_16")> *******
******* 02/17/2024 05: 14: 23 PM - ERROR - Element ('id', 'item-5') dragged, and dropped to ('id', 'item-6') *******
******* 02/17/2024 05: 14: 23 PM - INFO - Element ('class name', 'done') is <selenium.webdriver.remote.webelement.WebElement (session="c7fffaf27eb34f9ce3acbbe9a49cd4f0", element="DF2E6268ED6B7BC5A8EE197F3B4752C6_element_17")> *******
******* 02/17/2024 05: 14: 34 PM - INFO - Element ('class name', 'dropdown') is <selenium.webdriver.remote.webelement.WebElement (session="4c5be19b6242f6ba1fb5f397d3c1caec", element="5E1B24D5378AB340B84277815916F779_element_1")> *******
******* 02/17/2024 05: 14: 35 PM - INFO - Cursor hovered over element <selenium.webdriver.remote.webelement.WebElement (session="4c5be19b6242f6ba1fb5f397d3c1caec", element="5E1B24D5378AB340B84277815916F779_element_1")> *******
******* 02/17/2024 05: 14: 35 PM - INFO - Element ('xpath', '/html/body/div[2]/div/div[2]/ul/li[2]/a') is <selenium.webdriver.remote.webelement.WebElement (session="4c5be19b6242f6ba1fb5f397d3c1caec", element="5E1B24D5378AB340B84277815916F779_element_11")> *******
******* 02/17/2024 05: 14: 46 PM - INFO - Element ('class name', 'dropdown') is <selenium.webdriver.remote.webelement.WebElement (session="3e94e7224470e22e4b41dffb3b745b2c", element="4808B4FACFF7208F7B9F0905B74DA46E_element_6")> *******
******* 02/17/2024 05: 14: 47 PM - INFO - Cursor hovered over element <selenium.webdriver.remote.webelement.WebElement (session="3e94e7224470e22e4b41dffb3b745b2c", element="4808B4FACFF7208F7B9F0905B74DA46E_element_6")> *******
******* 02/17/2024 05: 14: 47 PM - INFO - Element ('xpath', '/html/body/div[2]/div/div[2]/ul/li[2]/a') is <selenium.webdriver.remote.webelement.WebElement (session="3e94e7224470e22e4b41dffb3b745b2c", element="4808B4FACFF7208F7B9F0905B74DA46E_element_11")> *******
******* 02/17/2024 05: 14: 47 PM - INFO - Element('xpath', '/html/body/div[2]/div/div[2]/ul/li[2]/a') is clickable *******
******* 02/17/2024 05: 14: 47 PM - INFO - Current url is https://toghrulmirzayev.github.io/ui-simulator/input-and-click.html *******
******* 02/17/2024 05: 14: 59 PM - INFO - Element ('id', 'username') is <selenium.webdriver.remote.webelement.WebElement (session="ed5921e777eba2dab95e9b2ff2dea411", element="B9C717590C5DF6C75DF30F9762264D97_element_1")> *******
******* 02/17/2024 05: 14: 59 PM - INFO - Element ('id', 'password') is <selenium.webdriver.remote.webelement.WebElement (session="ed5921e777eba2dab95e9b2ff2dea411", element="B9C717590C5DF6C75DF30F9762264D97_element_5")> *******
******* 02/17/2024 05: 14: 59 PM - INFO - Element('class name', 'login-button') is clickable *******
******* 02/17/2024 05: 14: 59 PM - INFO - Current url is https://toghrulmirzayev.github.io/ui-simulator/hover_and_select.html *******
******* 02/17/2024 05: 15: 16 PM - INFO - Element ('id', 'username') is <selenium.webdriver.remote.webelement.WebElement (session="d001b5567d84fd5fede09ba571fd4fdd", element="2B2B0F611023D13140E005626F8CC7D2_element_3")> *******
******* 02/17/2024 05: 15: 16 PM - INFO - Element ('id', 'password') is <selenium.webdriver.remote.webelement.WebElement (session="d001b5567d84fd5fede09ba571fd4fdd", element="2B2B0F611023D13140E005626F8CC7D2_element_4")> *******
******* 02/17/2024 05: 15: 16 PM - INFO - Element('class name', 'login-button') is clickable *******
******* 02/17/2024 05: 15: 16 PM - INFO - Element ('class name', 'error-message') is <selenium.webdriver.remote.webelement.WebElement (session="d001b5567d84fd5fede09ba571fd4fdd", element="2B2B0F611023D13140E005626F8CC7D2_element_25")> *******
******* 02/17/2024 05: 15: 16 PM - INFO - Text from element ('class name', 'error-message') is Password or username is incorrect *******
******* 02/17/2024 05: 15: 28 PM - INFO - Element ('id', 'username') is <selenium.webdriver.remote.webelement.WebElement (session="92e43c81df043137eaa29d957b04db34", element="BEFC26F3730DA707C13235A5C143CF24_element_3")> *******
******* 02/17/2024 05: 15: 28 PM - INFO - Element ('id', 'password') is <selenium.webdriver.remote.webelement.WebElement (session="92e43c81df043137eaa29d957b04db34", element="BEFC26F3730DA707C13235A5C143CF24_element_4")> *******
******* 02/17/2024 05: 15: 28 PM - INFO - Element('class name', 'login-button') is clickable *******
******* 02/17/2024 05: 15: 28 PM - INFO - Element ('class name', 'error-message') is <selenium.webdriver.remote.webelement.WebElement (session="92e43c81df043137eaa29d957b04db34", element="BEFC26F3730DA707C13235A5C143CF24_element_25")> *******
******* 02/17/2024 05: 15: 28 PM - INFO - Text from element ('class name', 'error-message') is Password or username is incorrect *******
******* 02/17/2024 05: 15: 40 PM - INFO - Element ('id', 'username') is <selenium.webdriver.remote.webelement.WebElement (session="a087c548a22164f05b3d45de55bb78c7", element="2EAB61FBF8AA38563C500715746F1198_element_3")> *******
******* 02/17/2024 05: 15: 40 PM - INFO - Element ('id', 'password') is <selenium.webdriver.remote.webelement.WebElement (session="a087c548a22164f05b3d45de55bb78c7", element="2EAB61FBF8AA38563C500715746F1198_element_4")> *******
******* 02/17/2024 05: 15: 40 PM - INFO - Element('class name', 'login-button') is clickable *******
******* 02/17/2024 05: 15: 40 PM - INFO - Element ('class name', 'error-message') is <selenium.webdriver.remote.webelement.WebElement (session="a087c548a22164f05b3d45de55bb78c7", element="2EAB61FBF8AA38563C500715746F1198_element_25")> *******
******* 02/17/2024 05: 15: 40 PM - INFO - Text from element ('class name', 'error-message') is Password or username is incorrect *******
******* 02/17/2024 05: 15: 52 PM - INFO - Element ('id', 'inputText') is <selenium.webdriver.remote.webelement.WebElement (session="0d556d3cc3819cb0f75e38e7cc2f9298", element="504C56AA3F914329ED88F06B4558C2D4_element_3")> *******
******* 02/17/2024 05: 15: 52 PM - INFO - Element('id', 'addBtn') is clickable *******
******* 02/17/2024 05: 15: 52 PM - INFO - Element ('css selector', '#items > div') is <selenium.webdriver.remote.webelement.WebElement (session="0d556d3cc3819cb0f75e38e7cc2f9298", element="504C56AA3F914329ED88F06B4558C2D4_element_15")> *******
******* 02/17/2024 05: 15: 52 PM - INFO - Text from element ('css selector', '#items > div') is test example *******
******* 02/17/2024 05: 16: 04 PM - INFO - Element ('id', 'inputText') is <selenium.webdriver.remote.webelement.WebElement (session="8406b61d55058fa0aa1485fa95418f59", element="FC7741F3D57C597E0EAC58F029678028_element_3")> *******
******* 02/17/2024 05: 16: 04 PM - INFO - Element('id', 'addBtn') is clickable *******
******* 02/17/2024 05: 16: 04 PM - INFO - Element('id', 'deleteBtn') is clickable *******
******* 02/17/2024 05: 16: 04 PM - INFO - Element ('css selector', '#items > div') is True *******
******* 02/17/2024 05: 53: 25 PM - INFO - Element ('id', 'dataInput') is <selenium.webdriver.remote.webelement.WebElement (session="b4894ff4e1f7967cc47d069c8620c2d7", element="49436397B7396D890A2DFB769D339650_element_3")> *******
******* 02/17/2024 05: 53: 25 PM - INFO - Element ('id', 'validationSquare') is <selenium.webdriver.remote.webelement.WebElement (session="b4894ff4e1f7967cc47d069c8620c2d7", element="49436397B7396D890A2DFB769D339650_element_8")> *******
******* 02/17/2024 05: 53: 25 PM - INFO - Text from element ('id', 'validationSquare') is Valid *******
******* 02/17/2024 05: 53: 37 PM - INFO - Element ('id', 'dataInput') is <selenium.webdriver.remote.webelement.WebElement (session="2086dd18430ef930e86ed09ccac6f13e", element="C8BE4F7162EEB5AC7ECC2F8CC800326F_element_3")> *******
******* 02/17/2024 05: 53: 37 PM - INFO - Element ('id', 'validationSquare') is <selenium.webdriver.remote.webelement.WebElement (session="2086dd18430ef930e86ed09ccac6f13e", element="C8BE4F7162EEB5AC7ECC2F8CC800326F_element_6")> *******
******* 02/17/2024 05: 53: 37 PM - INFO - Text from element ('id', 'validationSquare') is Not in range *******
******* 02/17/2024 05: 53: 49 PM - INFO - Element ('id', 'dataInput') is <selenium.webdriver.remote.webelement.WebElement (session="4bbd25c52deee820f7135d48265c1a39", element="23167704F93E51279493944991998D89_element_3")> *******
******* 02/17/2024 05: 53: 49 PM - INFO - Element ('id', 'validationSquare') is <selenium.webdriver.remote.webelement.WebElement (session="4bbd25c52deee820f7135d48265c1a39", element="23167704F93E51279493944991998D89_element_6")> *******
******* 02/17/2024 05: 53: 49 PM - INFO - Text from element ('id', 'validationSquare') is Not in range *******
******* 02/17/2024 05: 54: 00 PM - INFO - Element ('id', 'dataInput') is <selenium.webdriver.remote.webelement.WebElement (session="73302eecd47212d21878f46195513b04", element="7770523A9DD618FBD44D6704FB1D9118_element_3")> *******
******* 02/17/2024 05: 54: 01 PM - INFO - Element ('id', 'validationSquare') is <selenium.webdriver.remote.webelement.WebElement (session="73302eecd47212d21878f46195513b04", element="7770523A9DD618FBD44D6704FB1D9118_element_8")> *******
******* 02/17/2024 05: 54: 01 PM - INFO - Text from element ('id', 'validationSquare') is Negative integer *******
******* 02/17/2024 05: 54: 12 PM - INFO - Element ('xpath', '/html/body/div[2]/ul/li[15]/input') is <selenium.webdriver.remote.webelement.WebElement (session="97e6acfa225da1df7718f2c57dbaadec", element="6ECC5E2DFB06BDA628EA7E04C7A21C63_element_17")> *******
******* 02/17/2024 05: 54: 12 PM - INFO - Scroll to element ('xpath', '/html/body/div[2]/ul/li[15]/input') was performed *******
******* 02/17/2024 05: 54: 13 PM - INFO - Element('xpath', '/html/body/div[2]/ul/li[15]/input') is clickable *******
******* 02/17/2024 05: 54: 18 PM - ERROR - Element ('id', '#counter') is invisible *******
******* 02/17/2024 05: 54: 26 PM - INFO - Element('id', 'item-3') is clickable *******
******* 02/17/2024 05: 54: 26 PM - INFO - Element ('id', 'item-1') is <selenium.webdriver.remote.webelement.WebElement (session="915c75083ab27da7244c9ff966a15626", element="E8B409F203F23C1EE11B6FA6C8A5529A_element_11")> *******
******* 02/17/2024 05: 54: 26 PM - ERROR - Element ('id', 'item-3') dragged, and dropped to ('id', 'item-1') *******
******* 02/17/2024 05: 54: 26 PM - INFO - Element('id', 'item-2') is clickable *******
******* 02/17/2024 05: 54: 26 PM - INFO - Element ('id', 'item-1') is <selenium.webdriver.remote.webelement.WebElement (session="915c75083ab27da7244c9ff966a15626", element="E8B409F203F23C1EE11B6FA6C8A5529A_element_11")> *******
******* 02/17/2024 05: 54: 27 PM - ERROR - Element ('id', 'item-2') dragged, and dropped to ('id', 'item-1') *******
******* 02/17/2024 05: 54: 27 PM - INFO - Element('id', 'item-7') is clickable *******
******* 02/17/2024 05: 54: 27 PM - INFO - Element ('id', 'item-1') is <selenium.webdriver.remote.webelement.WebElement (session="915c75083ab27da7244c9ff966a15626", element="E8B409F203F23C1EE11B6FA6C8A5529A_element_11")> *******
******* 02/17/2024 05: 54: 28 PM - ERROR - Element ('id', 'item-7') dragged, and dropped to ('id', 'item-1') *******
******* 02/17/2024 05: 54: 28 PM - INFO - Element('id', 'item-4') is clickable *******
******* 02/17/2024 05: 54: 28 PM - INFO - Element ('id', 'item-1') is <selenium.webdriver.remote.webelement.WebElement (session="915c75083ab27da7244c9ff966a15626", element="E8B409F203F23C1EE11B6FA6C8A5529A_element_11")> *******
******* 02/17/2024 05: 54: 28 PM - ERROR - Element ('id', 'item-4') dragged, and dropped to ('id', 'item-1') *******
******* 02/17/2024 05: 54: 28 PM - INFO - Element('id', 'item-5') is clickable *******
******* 02/17/2024 05: 54: 28 PM - INFO - Element ('id', 'item-6') is <selenium.webdriver.remote.webelement.WebElement (session="915c75083ab27da7244c9ff966a15626", element="E8B409F203F23C1EE11B6FA6C8A5529A_element_16")> *******
******* 02/17/2024 05: 54: 29 PM - ERROR - Element ('id', 'item-5') dragged, and dropped to ('id', 'item-6') *******
******* 02/17/2024 05: 54: 29 PM - INFO - Element ('class name', 'done') is <selenium.webdriver.remote.webelement.WebElement (session="915c75083ab27da7244c9ff966a15626", element="E8B409F203F23C1EE11B6FA6C8A5529A_element_17")> *******
******* 02/17/2024 05: 54: 41 PM - INFO - Element ('class name', 'dropdown') is <selenium.webdriver.remote.webelement.WebElement (session="29f8610bbf51e4cd7728843d34eada81", element="4B820AD16A890D3279609C8B84942771_element_1")> *******
******* 02/17/2024 05: 54: 41 PM - INFO - Cursor hovered over element <selenium.webdriver.remote.webelement.WebElement (session="29f8610bbf51e4cd7728843d34eada81", element="4B820AD16A890D3279609C8B84942771_element_1")> *******
******* 02/17/2024 05: 54: 41 PM - INFO - Element ('xpath', '/html/body/div[2]/div/div[2]/ul/li[2]/a') is <selenium.webdriver.remote.webelement.WebElement (session="29f8610bbf51e4cd7728843d34eada81", element="4B820AD16A890D3279609C8B84942771_element_11")> *******
******* 02/17/2024 05: 54: 53 PM - INFO - Element ('class name', 'dropdown') is <selenium.webdriver.remote.webelement.WebElement (session="139617e0766e1a7c0b83c2fbeebd9c42", element="7A96AC07A10BFD047BEEB38BEFE2729E_element_4")> *******
******* 02/17/2024 05: 54: 53 PM - INFO - Cursor hovered over element <selenium.webdriver.remote.webelement.WebElement (session="139617e0766e1a7c0b83c2fbeebd9c42", element="7A96AC07A10BFD047BEEB38BEFE2729E_element_4")> *******
******* 02/17/2024 05: 54: 53 PM - INFO - Element ('xpath', '/html/body/div[2]/div/div[2]/ul/li[2]/a') is <selenium.webdriver.remote.webelement.WebElement (session="139617e0766e1a7c0b83c2fbeebd9c42", element="7A96AC07A10BFD047BEEB38BEFE2729E_element_11")> *******
******* 02/17/2024 05: 54: 53 PM - INFO - Element('xpath', '/html/body/div[2]/div/div[2]/ul/li[2]/a') is clickable *******
******* 02/17/2024 05: 54: 54 PM - INFO - Current url is https://toghrulmirzayev.github.io/ui-simulator/input-and-click.html *******
******* 02/17/2024 05: 55: 06 PM - INFO - Element ('id', 'username') is <selenium.webdriver.remote.webelement.WebElement (session="7849fd857413bf169b091fe66804713d", element="71253A55E18D34DFC6D76231538EFBDA_element_3")> *******
******* 02/17/2024 05: 55: 06 PM - INFO - Element ('id', 'password') is <selenium.webdriver.remote.webelement.WebElement (session="7849fd857413bf169b091fe66804713d", element="71253A55E18D34DFC6D76231538EFBDA_element_4")> *******
******* 02/17/2024 05: 55: 06 PM - INFO - Element('class name', 'login-button') is clickable *******
******* 02/17/2024 05: 55: 06 PM - INFO - Current url is https://toghrulmirzayev.github.io/ui-simulator/hover_and_select.html *******
******* 02/17/2024 05: 55: 19 PM - INFO - Element ('id', 'username') is <selenium.webdriver.remote.webelement.WebElement (session="12b7de2b28df938e65a163d31b4b4c0a", element="82DDF3F665EE4AE038D496AB15C8DE14_element_3")> *******
******* 02/17/2024 05: 55: 19 PM - INFO - Element ('id', 'password') is <selenium.webdriver.remote.webelement.WebElement (session="12b7de2b28df938e65a163d31b4b4c0a", element="82DDF3F665EE4AE038D496AB15C8DE14_element_4")> *******
******* 02/17/2024 05: 55: 19 PM - INFO - Element('class name', 'login-button') is clickable *******
******* 02/17/2024 05: 55: 19 PM - INFO - Element ('class name', 'error-message') is <selenium.webdriver.remote.webelement.WebElement (session="12b7de2b28df938e65a163d31b4b4c0a", element="82DDF3F665EE4AE038D496AB15C8DE14_element_25")> *******
******* 02/17/2024 05: 55: 19 PM - INFO - Text from element ('class name', 'error-message') is Password or username is incorrect *******
******* 02/17/2024 05: 55: 31 PM - INFO - Element ('id', 'username') is <selenium.webdriver.remote.webelement.WebElement (session="1031fd21b4ebce841f36bb083a1ec6d2", element="D313A5D1DEF9B428FE49F0A6FF1B622B_element_3")> *******
******* 02/17/2024 05: 55: 31 PM - INFO - Element ('id', 'password') is <selenium.webdriver.remote.webelement.WebElement (session="1031fd21b4ebce841f36bb083a1ec6d2", element="D313A5D1DEF9B428FE49F0A6FF1B622B_element_4")> *******
******* 02/17/2024 05: 55: 31 PM - INFO - Element('class name', 'login-button') is clickable *******
******* 02/17/2024 05: 55: 31 PM - INFO - Element ('class name', 'error-message') is <selenium.webdriver.remote.webelement.WebElement (session="1031fd21b4ebce841f36bb083a1ec6d2", element="D313A5D1DEF9B428FE49F0A6FF1B622B_element_25")> *******
******* 02/17/2024 05: 55: 31 PM - INFO - Text from element ('class name', 'error-message') is Password or username is incorrect *******
******* 02/17/2024 05: 55: 47 PM - INFO - Element ('id', 'username') is <selenium.webdriver.remote.webelement.WebElement (session="06d955a0c4bbcdfdfe9fb755febc21ff", element="96178CDE62FB214D210FCAA9832F1D2F_element_3")> *******
******* 02/17/2024 05: 55: 47 PM - INFO - Element ('id', 'password') is <selenium.webdriver.remote.webelement.WebElement (session="06d955a0c4bbcdfdfe9fb755febc21ff", element="96178CDE62FB214D210FCAA9832F1D2F_element_4")> *******
******* 02/17/2024 05: 55: 47 PM - INFO - Element('class name', 'login-button') is clickable *******
******* 02/17/2024 05: 55: 47 PM - INFO - Element ('class name', 'error-message') is <selenium.webdriver.remote.webelement.WebElement (session="06d955a0c4bbcdfdfe9fb755febc21ff", element="96178CDE62FB214D210FCAA9832F1D2F_element_25")> *******
******* 02/17/2024 05: 55: 47 PM - INFO - Text from element ('class name', 'error-message') is Password or username is incorrect *******
******* 02/17/2024 05: 55: 59 PM - INFO - Element ('id', 'inputText') is <selenium.webdriver.remote.webelement.WebElement (session="6598c77a949306b4d51edf2ae4e3e0b8", element="4BC3B24467BBD68E28F2F1C7DD41A80C_element_3")> *******
******* 02/17/2024 05: 56: 00 PM - INFO - Element('id', 'addBtn') is clickable *******
******* 02/17/2024 05: 56: 00 PM - INFO - Element ('css selector', '#items > div') is <selenium.webdriver.remote.webelement.WebElement (session="6598c77a949306b4d51edf2ae4e3e0b8", element="4BC3B24467BBD68E28F2F1C7DD41A80C_element_15")> *******
******* 02/17/2024 05: 56: 00 PM - INFO - Text from element ('css selector', '#items > div') is test example *******
******* 02/17/2024 05: 56: 12 PM - INFO - Element ('id', 'inputText') is <selenium.webdriver.remote.webelement.WebElement (session="0e6e594be835586594672a3f8c6ca914", element="0764407FB9A32DCAE29C65808A1125A5_element_3")> *******
******* 02/17/2024 05: 56: 12 PM - INFO - Element('id', 'addBtn') is clickable *******
******* 02/17/2024 05: 56: 12 PM - INFO - Element('id', 'deleteBtn') is clickable *******
******* 02/17/2024 05: 56: 12 PM - INFO - Element ('css selector', '#items > div') is True *******
